0 info it worked if it ends with ok
1 verbose cli [ 'D:\\NodeJS\\\\node.exe',
1 verbose cli   'D:\\NodeJS\\node_modules\\npm\\bin\\npm-cli.js',
1 verbose cli   'install',
1 verbose cli   'grunt-contrib-coffee',
1 verbose cli   '--save-dev' ]
2 info using npm@1.3.21
3 info using node@v0.10.24
4 verbose node symlink D:\NodeJS\\node.exe
5 error Failed to parse json
5 error Unexpected end of input
6 error File: D:\Web\Annika\Tottero\package.json
7 error Failed to parse package.json data.
7 error package.json must be actual JSON, not just JavaScript.
7 error
7 error This is not a bug in npm.
7 error Tell the package author to fix their package.json file. JSON.parse
8 error System Windows_NT 6.2.9200
9 error command "D:\\NodeJS\\\\node.exe" "D:\\NodeJS\\node_modules\\npm\\bin\\npm-cli.js" "install" "grunt-contrib-coffee" "--save-dev"
10 error cwd D:\Web\Annika\Tottero
11 error node -v v0.10.24
12 error npm -v 1.3.21
13 error file D:\Web\Annika\Tottero\package.json
14 error code EJSONPARSE
15 verbose exit [ 1, true ]
